2021-10-17 18:03:12,918 DEBUG    root            Loaded Command Group: ['gcloud', 'services']
2021-10-17 18:03:12,935 DEBUG    root            Loaded Command Group: ['gcloud', 'services', 'list']
2021-10-17 18:03:12,940 DEBUG    root            Running [gcloud.services.list] with arguments: [--enabled: "True", --filter: "config.name=run.googleapis.com OR config.name=sql-component.googleapis.com OR config.name=sqladmin.googleapis.com", --format: "json", --project: "process-mining-328711", --quiet: "True"]
2021-10-17 18:03:12,963 DEBUG    google.auth.transport.requests Making request: GET http://metadata.google.internal/computeMetadata/v1/instance/service-accounts/j.blair117@gmail.com/?recursive=true
2021-10-17 18:03:12,966 DEBUG    urllib3.connectionpool Starting new HTTP connection (1): metadata.google.internal:80
2021-10-17 18:03:12,970 DEBUG    urllib3.connectionpool http://metadata.google.internal:80 "GET /computeMetadata/v1/instance/service-accounts/j.blair117@gmail.com/?recursive=true HTTP/1.1" 200 None
2021-10-17 18:03:12,971 DEBUG    google.auth.transport.requests Making request: GET http://metadata.google.internal/computeMetadata/v1/instance/service-accounts/j.blair117@gmail.com/token
2021-10-17 18:03:12,973 DEBUG    urllib3.connectionpool Resetting dropped connection: metadata.google.internal
2021-10-17 18:03:12,977 DEBUG    urllib3.connectionpool http://metadata.google.internal:80 "GET /computeMetadata/v1/instance/service-accounts/j.blair117@gmail.com/token HTTP/1.1" 200 None
2021-10-17 18:03:12,989 DEBUG    google.auth.transport.requests Making request: GET http://metadata.google.internal/computeMetadata/v1/instance/service-accounts/j.blair117@gmail.com/?recursive=true
2021-10-17 18:03:12,992 DEBUG    urllib3.connectionpool Starting new HTTP connection (1): metadata.google.internal:80
2021-10-17 18:03:12,996 DEBUG    urllib3.connectionpool http://metadata.google.internal:80 "GET /computeMetadata/v1/instance/service-accounts/j.blair117@gmail.com/?recursive=true HTTP/1.1" 200 None
2021-10-17 18:03:12,996 DEBUG    google.auth.transport.requests Making request: GET http://metadata.google.internal/computeMetadata/v1/instance/service-accounts/j.blair117@gmail.com/token
2021-10-17 18:03:12,999 DEBUG    urllib3.connectionpool Resetting dropped connection: metadata.google.internal
2021-10-17 18:03:13,003 DEBUG    urllib3.connectionpool http://metadata.google.internal:80 "GET /computeMetadata/v1/instance/service-accounts/j.blair117@gmail.com/token HTTP/1.1" 200 None
2021-10-17 18:03:13,113 INFO     root            Display format: "
          table(
            config.name:label=NAME:sort=1,
            config.title
          )
         json"
2021-10-17 18:03:13,117 DEBUG    urllib3.connectionpool Starting new HTTPS connection (1): serviceusage.googleapis.com:443
2021-10-17 18:03:14,520 DEBUG    urllib3.connectionpool https://serviceusage.googleapis.com:443 "GET /v1/projects/process-mining-328711/services?alt=json&filter=state%3AENABLED HTTP/1.1" 200 None
2021-10-17 18:03:14,603 INFO     ___FILE_ONLY___ [
  {
2021-10-17 18:03:14,603 INFO     ___FILE_ONLY___ 
    "config": {
2021-10-17 18:03:14,603 INFO     ___FILE_ONLY___ 
      "authentication": {},
2021-10-17 18:03:14,603 INFO     ___FILE_ONLY___ 
      "documentation": {
2021-10-17 18:03:14,603 INFO     ___FILE_ONLY___ 
        "summary": "Deploy and manage user provided container images that scale automatically based on incoming requests. The Cloud Run Admin API follows the Knative Serving API specification."
2021-10-17 18:03:14,604 INFO     ___FILE_ONLY___ 
      },
2021-10-17 18:03:14,604 INFO     ___FILE_ONLY___ 
      "monitoredResources": [
2021-10-17 18:03:14,604 INFO     ___FILE_ONLY___ 
        {
2021-10-17 18:03:14,604 INFO     ___FILE_ONLY___ 
          "labels": [
2021-10-17 18:03:14,604 INFO     ___FILE_ONLY___ 
            {
2021-10-17 18:03:14,604 INFO     ___FILE_ONLY___ 
              "key": "cloud.googleapis.com/project"
2021-10-17 18:03:14,604 INFO     ___FILE_ONLY___ 
            },
2021-10-17 18:03:14,604 INFO     ___FILE_ONLY___ 
            {
2021-10-17 18:03:14,605 INFO     ___FILE_ONLY___ 
              "key": "run.googleapis.com/service_name"
2021-10-17 18:03:14,605 INFO     ___FILE_ONLY___ 
            },
2021-10-17 18:03:14,605 INFO     ___FILE_ONLY___ 
            {
2021-10-17 18:03:14,605 INFO     ___FILE_ONLY___ 
              "key": "run.googleapis.com/revision_name"
2021-10-17 18:03:14,605 INFO     ___FILE_ONLY___ 
            },
2021-10-17 18:03:14,605 INFO     ___FILE_ONLY___ 
            {
2021-10-17 18:03:14,605 INFO     ___FILE_ONLY___ 
              "key": "cloud.googleapis.com/location"
2021-10-17 18:03:14,605 INFO     ___FILE_ONLY___ 
            },
2021-10-17 18:03:14,605 INFO     ___FILE_ONLY___ 
            {
2021-10-17 18:03:14,605 INFO     ___FILE_ONLY___ 
              "key": "run.googleapis.com/configuration_name"
2021-10-17 18:03:14,606 INFO     ___FILE_ONLY___ 
            },
2021-10-17 18:03:14,606 INFO     ___FILE_ONLY___ 
            {
2021-10-17 18:03:14,606 INFO     ___FILE_ONLY___ 
              "key": "cloud.googleapis.com/uid"
2021-10-17 18:03:14,606 INFO     ___FILE_ONLY___ 
            }
2021-10-17 18:03:14,606 INFO     ___FILE_ONLY___ 
          ],
2021-10-17 18:03:14,606 INFO     ___FILE_ONLY___ 
          "type": "run.googleapis.com/revision"
2021-10-17 18:03:14,606 INFO     ___FILE_ONLY___ 
        }
2021-10-17 18:03:14,606 INFO     ___FILE_ONLY___ 
      ],
2021-10-17 18:03:14,607 INFO     ___FILE_ONLY___ 
      "monitoring": {
2021-10-17 18:03:14,607 INFO     ___FILE_ONLY___ 
        "consumerDestinations": [
2021-10-17 18:03:14,607 INFO     ___FILE_ONLY___ 
          {
2021-10-17 18:03:14,607 INFO     ___FILE_ONLY___ 
            "metrics": [
2021-10-17 18:03:14,607 INFO     ___FILE_ONLY___ 
              "run.googleapis.com/request_count",
2021-10-17 18:03:14,607 INFO     ___FILE_ONLY___ 
              "run.googleapis.com/request_latencies",
2021-10-17 18:03:14,607 INFO     ___FILE_ONLY___ 
              "run.googleapis.com/container/instance_time",
2021-10-17 18:03:14,607 INFO     ___FILE_ONLY___ 
              "run.googleapis.com/container/labelled_instance_time",
2021-10-17 18:03:14,607 INFO     ___FILE_ONLY___ 
              "run.googleapis.com/container/cpu/allocation_time",
2021-10-17 18:03:14,607 INFO     ___FILE_ONLY___ 
              "run.googleapis.com/container/cpu/scaled_usage",
2021-10-17 18:03:14,608 INFO     ___FILE_ONLY___ 
              "run.googleapis.com/container/memory/allocation_time",
2021-10-17 18:03:14,608 INFO     ___FILE_ONLY___ 
              "run.googleapis.com/container/memory/utilization",
2021-10-17 18:03:14,608 INFO     ___FILE_ONLY___ 
              "run.googleapis.com/tenant_project",
2021-10-17 18:03:14,608 INFO     ___FILE_ONLY___ 
              "run.googleapis.com/internal/eventflow_filter/cloudevent_recordedtime_latencies",
2021-10-17 18:03:14,608 INFO     ___FILE_ONLY___ 
              "run.googleapis.com/internal/eventflow_filter/cloudevent_time_latencies",
2021-10-17 18:03:14,608 INFO     ___FILE_ONLY___ 
              "run.googleapis.com/internal/eventflow_filter/transformation_count",
2021-10-17 18:03:14,608 INFO     ___FILE_ONLY___ 
              "run.googleapis.com/internal/eventflow_filter/transformation_latencies",
2021-10-17 18:03:14,608 INFO     ___FILE_ONLY___ 
              "run.googleapis.com/internal/pod_service_client/request_count",
2021-10-17 18:03:14,608 INFO     ___FILE_ONLY___ 
              "run.googleapis.com/internal/pod_service_client/request_latencies"
2021-10-17 18:03:14,608 INFO     ___FILE_ONLY___ 
            ],
2021-10-17 18:03:14,609 INFO     ___FILE_ONLY___ 
            "monitoredResource": "run.googleapis.com/revision"
2021-10-17 18:03:14,609 INFO     ___FILE_ONLY___ 
          }
2021-10-17 18:03:14,609 INFO     ___FILE_ONLY___ 
        ]
2021-10-17 18:03:14,609 INFO     ___FILE_ONLY___ 
      },
2021-10-17 18:03:14,609 INFO     ___FILE_ONLY___ 
      "name": "run.googleapis.com",
2021-10-17 18:03:14,609 INFO     ___FILE_ONLY___ 
      "quota": {},
2021-10-17 18:03:14,609 INFO     ___FILE_ONLY___ 
      "title": "Cloud Run Admin API",
2021-10-17 18:03:14,609 INFO     ___FILE_ONLY___ 
      "usage": {
2021-10-17 18:03:14,609 INFO     ___FILE_ONLY___ 
        "requirements": [
2021-10-17 18:03:14,609 INFO     ___FILE_ONLY___ 
          "serviceusage.googleapis.com/tos/cloud",
2021-10-17 18:03:14,609 INFO     ___FILE_ONLY___ 
          "serviceusage.googleapis.com/billing-enabled"
2021-10-17 18:03:14,609 INFO     ___FILE_ONLY___ 
        ]
2021-10-17 18:03:14,610 INFO     ___FILE_ONLY___ 
      }
2021-10-17 18:03:14,610 INFO     ___FILE_ONLY___ 
    },
2021-10-17 18:03:14,610 INFO     ___FILE_ONLY___ 
    "name": "projects/73895885322/services/run.googleapis.com",
2021-10-17 18:03:14,610 INFO     ___FILE_ONLY___ 
    "parent": "projects/73895885322",
2021-10-17 18:03:14,610 INFO     ___FILE_ONLY___ 
    "state": "ENABLED"
2021-10-17 18:03:14,610 INFO     ___FILE_ONLY___ 
  }
2021-10-17 18:03:14,625 INFO     ___FILE_ONLY___ ,
  {
2021-10-17 18:03:14,625 INFO     ___FILE_ONLY___ 
    "config": {
2021-10-17 18:03:14,625 INFO     ___FILE_ONLY___ 
      "authentication": {},
2021-10-17 18:03:14,625 INFO     ___FILE_ONLY___ 
      "documentation": {
2021-10-17 18:03:14,625 INFO     ___FILE_ONLY___ 
        "summary": "Google Cloud SQL is a hosted and fully managed relational database service\n    on Google's infrastructure."
2021-10-17 18:03:14,626 INFO     ___FILE_ONLY___ 
      },
2021-10-17 18:03:14,626 INFO     ___FILE_ONLY___ 
      "monitoredResources": [
2021-10-17 18:03:14,626 INFO     ___FILE_ONLY___ 
        {
2021-10-17 18:03:14,626 INFO     ___FILE_ONLY___ 
          "labels": [
2021-10-17 18:03:14,626 INFO     ___FILE_ONLY___ 
            {
2021-10-17 18:03:14,626 INFO     ___FILE_ONLY___ 
              "key": "cloud.googleapis.com/location"
2021-10-17 18:03:14,626 INFO     ___FILE_ONLY___ 
            },
2021-10-17 18:03:14,626 INFO     ___FILE_ONLY___ 
            {
2021-10-17 18:03:14,626 INFO     ___FILE_ONLY___ 
              "key": "cloud.googleapis.com/uid"
2021-10-17 18:03:14,627 INFO     ___FILE_ONLY___ 
            },
2021-10-17 18:03:14,627 INFO     ___FILE_ONLY___ 
            {
2021-10-17 18:03:14,627 INFO     ___FILE_ONLY___ 
              "key": "serviceruntime.googleapis.com/api_version"
2021-10-17 18:03:14,627 INFO     ___FILE_ONLY___ 
            },
2021-10-17 18:03:14,627 INFO     ___FILE_ONLY___ 
            {
2021-10-17 18:03:14,627 INFO     ___FILE_ONLY___ 
              "key": "serviceruntime.googleapis.com/api_method"
2021-10-17 18:03:14,627 INFO     ___FILE_ONLY___ 
            },
2021-10-17 18:03:14,627 INFO     ___FILE_ONLY___ 
            {
2021-10-17 18:03:14,627 INFO     ___FILE_ONLY___ 
              "key": "serviceruntime.googleapis.com/consumer_project"
2021-10-17 18:03:14,628 INFO     ___FILE_ONLY___ 
            },
2021-10-17 18:03:14,628 INFO     ___FILE_ONLY___ 
            {
2021-10-17 18:03:14,628 INFO     ___FILE_ONLY___ 
              "key": "cloud.googleapis.com/project"
2021-10-17 18:03:14,628 INFO     ___FILE_ONLY___ 
            },
2021-10-17 18:03:14,628 INFO     ___FILE_ONLY___ 
            {
2021-10-17 18:03:14,628 INFO     ___FILE_ONLY___ 
              "key": "cloud.googleapis.com/service"
2021-10-17 18:03:14,628 INFO     ___FILE_ONLY___ 
            }
2021-10-17 18:03:14,628 INFO     ___FILE_ONLY___ 
          ],
2021-10-17 18:03:14,628 INFO     ___FILE_ONLY___ 
          "type": "serviceruntime.googleapis.com/api"
2021-10-17 18:03:14,628 INFO     ___FILE_ONLY___ 
        },
2021-10-17 18:03:14,628 INFO     ___FILE_ONLY___ 
        {
2021-10-17 18:03:14,629 INFO     ___FILE_ONLY___ 
          "labels": [
2021-10-17 18:03:14,629 INFO     ___FILE_ONLY___ 
            {
2021-10-17 18:03:14,629 INFO     ___FILE_ONLY___ 
              "key": "cloud.googleapis.com/location"
2021-10-17 18:03:14,629 INFO     ___FILE_ONLY___ 
            },
2021-10-17 18:03:14,629 INFO     ___FILE_ONLY___ 
            {
2021-10-17 18:03:14,629 INFO     ___FILE_ONLY___ 
              "key": "cloud.googleapis.com/uid"
2021-10-17 18:03:14,629 INFO     ___FILE_ONLY___ 
            },
2021-10-17 18:03:14,629 INFO     ___FILE_ONLY___ 
            {
2021-10-17 18:03:14,629 INFO     ___FILE_ONLY___ 
              "key": "cloud.googleapis.com/service"
2021-10-17 18:03:14,629 INFO     ___FILE_ONLY___ 
            },
2021-10-17 18:03:14,629 INFO     ___FILE_ONLY___ 
            {
2021-10-17 18:03:14,629 INFO     ___FILE_ONLY___ 
              "key": "cloud.googleapis.com/resource_id"
2021-10-17 18:03:14,630 INFO     ___FILE_ONLY___ 
            },
2021-10-17 18:03:14,630 INFO     ___FILE_ONLY___ 
            {
2021-10-17 18:03:14,630 INFO     ___FILE_ONLY___ 
              "key": "cloud.googleapis.com/resource_node"
2021-10-17 18:03:14,630 INFO     ___FILE_ONLY___ 
            },
2021-10-17 18:03:14,630 INFO     ___FILE_ONLY___ 
            {
2021-10-17 18:03:14,630 INFO     ___FILE_ONLY___ 
              "key": "cloud.googleapis.com/quota_metric"
2021-10-17 18:03:14,630 INFO     ___FILE_ONLY___ 
            },
2021-10-17 18:03:14,630 INFO     ___FILE_ONLY___ 
            {
2021-10-17 18:03:14,630 INFO     ___FILE_ONLY___ 
              "key": "cloud.googleapis.com/quota_location"
2021-10-17 18:03:14,630 INFO     ___FILE_ONLY___ 
            }
2021-10-17 18:03:14,631 INFO     ___FILE_ONLY___ 
          ],
2021-10-17 18:03:14,631 INFO     ___FILE_ONLY___ 
          "type": "serviceruntime.googleapis.com/consumer_quota"
2021-10-17 18:03:14,631 INFO     ___FILE_ONLY___ 
        },
2021-10-17 18:03:14,631 INFO     ___FILE_ONLY___ 
        {
2021-10-17 18:03:14,631 INFO     ___FILE_ONLY___ 
          "labels": [
2021-10-17 18:03:14,631 INFO     ___FILE_ONLY___ 
            {
2021-10-17 18:03:14,631 INFO     ___FILE_ONLY___ 
              "key": "cloud.googleapis.com/location"
2021-10-17 18:03:14,631 INFO     ___FILE_ONLY___ 
            },
2021-10-17 18:03:14,631 INFO     ___FILE_ONLY___ 
            {
2021-10-17 18:03:14,631 INFO     ___FILE_ONLY___ 
              "key": "cloud.googleapis.com/uid"
2021-10-17 18:03:14,631 INFO     ___FILE_ONLY___ 
            },
2021-10-17 18:03:14,631 INFO     ___FILE_ONLY___ 
            {
2021-10-17 18:03:14,632 INFO     ___FILE_ONLY___ 
              "key": "cloud.googleapis.com/service"
2021-10-17 18:03:14,632 INFO     ___FILE_ONLY___ 
            },
2021-10-17 18:03:14,632 INFO     ___FILE_ONLY___ 
            {
2021-10-17 18:03:14,632 INFO     ___FILE_ONLY___ 
              "key": "cloud.googleapis.com/resource_id"
2021-10-17 18:03:14,632 INFO     ___FILE_ONLY___ 
            },
2021-10-17 18:03:14,632 INFO     ___FILE_ONLY___ 
            {
2021-10-17 18:03:14,632 INFO     ___FILE_ONLY___ 
              "key": "cloud.googleapis.com/resource_node"
2021-10-17 18:03:14,632 INFO     ___FILE_ONLY___ 
            },
2021-10-17 18:03:14,632 INFO     ___FILE_ONLY___ 
            {
2021-10-17 18:03:14,632 INFO     ___FILE_ONLY___ 
              "key": "cloud.googleapis.com/consumer_resource_node"
2021-10-17 18:03:14,632 INFO     ___FILE_ONLY___ 
            },
2021-10-17 18:03:14,633 INFO     ___FILE_ONLY___ 
            {
2021-10-17 18:03:14,633 INFO     ___FILE_ONLY___ 
              "key": "cloud.googleapis.com/quota_metric"
2021-10-17 18:03:14,633 INFO     ___FILE_ONLY___ 
            },
2021-10-17 18:03:14,633 INFO     ___FILE_ONLY___ 
            {
2021-10-17 18:03:14,633 INFO     ___FILE_ONLY___ 
              "key": "cloud.googleapis.com/quota_location"
2021-10-17 18:03:14,633 INFO     ___FILE_ONLY___ 
            }
2021-10-17 18:03:14,633 INFO     ___FILE_ONLY___ 
          ],
2021-10-17 18:03:14,633 INFO     ___FILE_ONLY___ 
          "type": "serviceruntime.googleapis.com/producer_quota"
2021-10-17 18:03:14,633 INFO     ___FILE_ONLY___ 
        }
2021-10-17 18:03:14,633 INFO     ___FILE_ONLY___ 
      ],
2021-10-17 18:03:14,633 INFO     ___FILE_ONLY___ 
      "monitoring": {
2021-10-17 18:03:14,634 INFO     ___FILE_ONLY___ 
        "consumerDestinations": [
2021-10-17 18:03:14,634 INFO     ___FILE_ONLY___ 
          {
2021-10-17 18:03:14,634 INFO     ___FILE_ONLY___ 
            "metrics": [
2021-10-17 18:03:14,634 INFO     ___FILE_ONLY___ 
              "serviceruntime.googleapis.com/api/consumer/request_count",
2021-10-17 18:03:14,634 INFO     ___FILE_ONLY___ 
              "serviceruntime.googleapis.com/api/consumer/error_count",
2021-10-17 18:03:14,634 INFO     ___FILE_ONLY___ 
              "serviceruntime.googleapis.com/api/consumer/quota_used_count",
2021-10-17 18:03:14,634 INFO     ___FILE_ONLY___ 
              "serviceruntime.googleapis.com/api/consumer/quota_refund_count",
2021-10-17 18:03:14,634 INFO     ___FILE_ONLY___ 
              "serviceruntime.googleapis.com/api/consumer/total_latencies",
2021-10-17 18:03:14,634 INFO     ___FILE_ONLY___ 
              "serviceruntime.googleapis.com/api/consumer/request_overhead_latencies",
2021-10-17 18:03:14,634 INFO     ___FILE_ONLY___ 
              "serviceruntime.googleapis.com/api/consumer/backend_latencies",
2021-10-17 18:03:14,635 INFO     ___FILE_ONLY___ 
              "serviceruntime.googleapis.com/api/consumer/request_sizes",
2021-10-17 18:03:14,635 INFO     ___FILE_ONLY___ 
              "serviceruntime.googleapis.com/api/consumer/response_sizes",
2021-10-17 18:03:14,635 INFO     ___FILE_ONLY___ 
              "serviceruntime.googleapis.com/api/consumer/top_request_count_by_end_user",
2021-10-17 18:03:14,635 INFO     ___FILE_ONLY___ 
              "serviceruntime.googleapis.com/api/consumer/top_request_count_by_end_user_country",
2021-10-17 18:03:14,635 INFO     ___FILE_ONLY___ 
              "serviceruntime.googleapis.com/api/consumer/top_request_count_by_referer",
2021-10-17 18:03:14,635 INFO     ___FILE_ONLY___ 
              "serviceruntime.googleapis.com/quota/used",
2021-10-17 18:03:14,635 INFO     ___FILE_ONLY___ 
              "serviceruntime.googleapis.com/quota/limit",
2021-10-17 18:03:14,635 INFO     ___FILE_ONLY___ 
              "serviceruntime.googleapis.com/quota/exceeded",
2021-10-17 18:03:14,635 INFO     ___FILE_ONLY___ 
              "serviceruntime.googleapis.com/allocation/consumer/quota_used_count"
2021-10-17 18:03:14,635 INFO     ___FILE_ONLY___ 
            ],
2021-10-17 18:03:14,636 INFO     ___FILE_ONLY___ 
            "monitoredResource": "serviceruntime.googleapis.com/api"
2021-10-17 18:03:14,636 INFO     ___FILE_ONLY___ 
          },
2021-10-17 18:03:14,636 INFO     ___FILE_ONLY___ 
          {
2021-10-17 18:03:14,636 INFO     ___FILE_ONLY___ 
            "metrics": [
2021-10-17 18:03:14,636 INFO     ___FILE_ONLY___ 
              "serviceruntime.googleapis.com/quota/rate/consumer/used_count",
2021-10-17 18:03:14,636 INFO     ___FILE_ONLY___ 
              "serviceruntime.googleapis.com/quota/rate/consumer/refund_count",
2021-10-17 18:03:14,636 INFO     ___FILE_ONLY___ 
              "serviceruntime.googleapis.com/quota/allocation/consumer/usage",
2021-10-17 18:03:14,636 INFO     ___FILE_ONLY___ 
              "serviceruntime.googleapis.com/quota/consumer/limit",
2021-10-17 18:03:14,636 INFO     ___FILE_ONLY___ 
              "serviceruntime.googleapis.com/quota/consumer/exceeded"
2021-10-17 18:03:14,637 INFO     ___FILE_ONLY___ 
            ],
2021-10-17 18:03:14,637 INFO     ___FILE_ONLY___ 
            "monitoredResource": "serviceruntime.googleapis.com/consumer_quota"
2021-10-17 18:03:14,637 INFO     ___FILE_ONLY___ 
          }
2021-10-17 18:03:14,637 INFO     ___FILE_ONLY___ 
        ]
2021-10-17 18:03:14,637 INFO     ___FILE_ONLY___ 
      },
2021-10-17 18:03:14,637 INFO     ___FILE_ONLY___ 
      "name": "sql-component.googleapis.com",
2021-10-17 18:03:14,637 INFO     ___FILE_ONLY___ 
      "quota": {},
2021-10-17 18:03:14,637 INFO     ___FILE_ONLY___ 
      "title": "Cloud SQL",
2021-10-17 18:03:14,637 INFO     ___FILE_ONLY___ 
      "usage": {
2021-10-17 18:03:14,637 INFO     ___FILE_ONLY___ 
        "requirements": [
2021-10-17 18:03:14,638 INFO     ___FILE_ONLY___ 
          "serviceusage.googleapis.com/tos/cloud"
2021-10-17 18:03:14,638 INFO     ___FILE_ONLY___ 
        ]
2021-10-17 18:03:14,638 INFO     ___FILE_ONLY___ 
      }
2021-10-17 18:03:14,638 INFO     ___FILE_ONLY___ 
    },
2021-10-17 18:03:14,638 INFO     ___FILE_ONLY___ 
    "name": "projects/73895885322/services/sql-component.googleapis.com",
2021-10-17 18:03:14,638 INFO     ___FILE_ONLY___ 
    "parent": "projects/73895885322",
2021-10-17 18:03:14,638 INFO     ___FILE_ONLY___ 
    "state": "ENABLED"
2021-10-17 18:03:14,638 INFO     ___FILE_ONLY___ 
  }
2021-10-17 18:03:14,648 INFO     ___FILE_ONLY___ 
]

2021-10-17 18:03:14,649 DEBUG    root            SDK update checks are disabled.
