2021-10-17 18:03:09,583 DEBUG    root            Loaded Command Group: ['gcloud', 'config']
2021-10-17 18:03:09,690 DEBUG    root            Loaded Command Group: ['gcloud', 'config', 'config_helper']
2021-10-17 18:03:09,693 DEBUG    root            Running [gcloud.config.config-helper] with arguments: [--format: "json", --quiet: "True"]
2021-10-17 18:03:09,713 DEBUG    google.auth.transport.requests Making request: GET http://metadata.google.internal/computeMetadata/v1/instance/service-accounts/j.blair117@gmail.com/?recursive=true
2021-10-17 18:03:09,717 DEBUG    urllib3.connectionpool Starting new HTTP connection (1): metadata.google.internal:80
2021-10-17 18:03:09,720 DEBUG    urllib3.connectionpool http://metadata.google.internal:80 "GET /computeMetadata/v1/instance/service-accounts/j.blair117@gmail.com/?recursive=true HTTP/1.1" 200 None
2021-10-17 18:03:09,722 DEBUG    google.auth.transport.requests Making request: GET http://metadata.google.internal/computeMetadata/v1/instance/service-accounts/j.blair117@gmail.com/token
2021-10-17 18:03:09,725 DEBUG    urllib3.connectionpool Resetting dropped connection: metadata.google.internal
2021-10-17 18:03:09,729 DEBUG    urllib3.connectionpool http://metadata.google.internal:80 "GET /computeMetadata/v1/instance/service-accounts/j.blair117@gmail.com/token HTTP/1.1" 200 None
2021-10-17 18:03:09,768 INFO     root            Display format: "default json"
2021-10-17 18:03:09,769 INFO     ___FILE_ONLY___ {
  "configuration": {
    "active_configuration": "default",
    "properties": {
      "accessibility": {
        "screen_reader": "True"
      },
      "component_manager": {
        "disable_update_check": "True"
      },
      "compute": {
        "gce_metadata_read_timeout_sec": "30"
      },
      "core": {
        "account": "j.blair117@gmail.com",
        "disable_prompts": "True",
        "disable_usage_reporting": "True",
        "print_unhandled_tracebacks": "true"
      },
      "metrics": {
        "environment": "cloudcode.vscode",
        "environment_version": "1.14.1"
      }
    }
  },
  "credential": {
    "access_token": "ya29.a0ARrdaM_Bg695b7F2T01d9y7HKSLT6dJova-B2hLmaHNphsUpU_YOvSXwm7ID2qmf6gV4dnIANqJmvyoIwBMbQ6Y4N5SEyw3nE8Dm4Pk1uEEtOq3Q3C09xy-pn_5IRGACUfQvRcNZDBe7QDB8J6XIDyY2x7qp1cGUWKGEObdB95clmImjbKhG36DLVlkJSSUsftEP6oeYgzWlcvfqLDFKr8BuBaifXweqIIdtukrIch0646JXZgCXjnMB7jFM4mUVpzh49Ko",
    "id_token": "eyJhbGciOiJSUzI1NiIsImtpZCI6ImFkZDhjMGVlNjIzOTU0NGFmNTNmOTM3MTJhNTdiMmUyNmY5NDMzNTIiLCJ0eXAiOiJKV1QifQ.eyJpc3MiOiJhY2NvdW50cy5nb29nbGUuY29tIiwiYXpwIjoiNjE4MTA0NzA4MDU0LTlyOXMxYzRhbGczNmVybGl1Y2hvOXQ1Mm4zMm42ZGdxLmFwcHMuZ29vZ2xldXNlcmNvbnRlbnQuY29tIiwiYXVkIjoiNjE4MTA0NzA4MDU0LTlyOXMxYzRhbGczNmVybGl1Y2hvOXQ1Mm4zMm42ZGdxLmFwcHMuZ29vZ2xldXNlcmNvbnRlbnQuY29tIiwic3ViIjoiMTA1MDcxMzU4MDkyNzI3ODU5OTM3IiwiZW1haWwiOiJqLmJsYWlyMTE3QGdtYWlsLmNvbSIsImVtYWlsX3ZlcmlmaWVkIjp0cnVlLCJhdF9oYXNoIjoicFlpYmpnbld4R0k2UGdua253c3hUZyIsImlhdCI6MTYzNDQ5MDc5OSwiZXhwIjoxNjM0NDk0Mzk5LCJqdGkiOiIyMmI3MzllZmVhN2UzNDNkNDY4MjEzZDBhOTI1MmQ1YTg0YWQ1Yzc3In0.E0E7qMH3Ez__rkDJe4HM-FvAWUZ1U6ysf-xTgmzgJHML4U6eQ45leNjJsAz-69MkZ3hSFks4-qmg7afOCRIHOJmTvKN1jCZL6uMtV4RXrbqBdEXBjcrl_Yt_HVfTecPYwWDE83xiMA24xiQXeAULDJebGw9yRPrvGN4LDfRfg7gXEd1F0z06d2hJrWJEQy2PiX8osZfjT5IhSYQxW-h38VPE8TbZL2gi66mIFN5Jp4S7Xw2lqa3jFYOFF3RwLpYaCfOl2H5y7ovxN2Q4kMkp45yCC4_847rCxMjwK3MgGvqvfBuwj3dHuytf5RLsWg_wG8NUFGvG3RThQw8n2Dculg",
    "token_expiry": "2021-10-17T18:13:16Z"
  },
  "sentinels": {
    "config_sentinel": "/home/j_blair117/.config/gcloud/config_sentinel"
  }
}
2021-10-17 18:03:09,769 INFO     ___FILE_ONLY___ 

2021-10-17 18:03:09,770 DEBUG    root            SDK update checks are disabled.
