2021-10-17 18:01:38,364 DEBUG    root            Loaded Command Group: ['gcloud', 'version']
2021-10-17 18:01:38,367 DEBUG    root            Running [gcloud.version] with arguments: [--format: "json"]
2021-10-17 18:01:38,380 INFO     root            Display format: "flattened[no-pad,separator=" "] json"
2021-10-17 18:01:38,380 INFO     ___FILE_ONLY___ {
  "Google Cloud SDK": "360.0.0",
  "alpha": "2021.10.04",
  "app-engine-go": "1.9.71",
  "app-engine-java": "1.9.91",
  "app-engine-python": "1.9.95",
  "app-engine-python-extras": "1.9.95",
  "beta": "2021.10.04",
  "bigtable": "",
  "bq": "2.0.71",
  "cbt": "0.10.1",
  "cloud-build-local": "0.5.2",
  "cloud-datastore-emulator": "2.1.0",
  "core": "2021.10.04",
  "datalab": "20190610",
  "gsutil": "5.3",
  "kind": "0.7.0",
  "kpt": "1.0.0-beta.5",
  "local-extract": "1.3.1",
  "minikube": "1.23.2",
  "pubsub-emulator": "0.5.0",
  "skaffold": "1.32.0"
}
2021-10-17 18:01:38,380 INFO     ___FILE_ONLY___ 

